initializing...
output file is /home/zzha/reporter_seq/tag/2482_tag.csv
connecting to database ...schema is modencode_experiment_2482_data,public
database connected.
loading experiment ...done.
A 2501:A 0 
A 2501:A 1 
A 2501:A 2 
A 2501:A 3 
A 2501:A 4 
A 2501:A 5 
A 2501:A 6 
A 2501:A 7 
A 2501:A 8 
A 2501:A 9 
A 2501:A 10 
A 2501:A 11 
A 2501:A 12 
A 2501:A 13 
A 2501:A 14 
A 2501:A 15 
A 2501:A 16 
B 2501:B 17 
B 2501:B 18 
B 2501:B 19 
B 2501:B 20 
B 2501:B 21 
B 2501:B 22 
B 2501:B 23 
B 2501:B 24 
B 2501:B 25 
B 2501:B 26 
B 2501:B 27 
B 2501:B 28 
B 2501:B 29 
B 2501:B 30 
B 2501:B 31 
B 2501:B 32 
B 2501:B 33 
C 2501:C 34 
C 2501:C 35 
C 2501:C 36 
C 2501:C 37 
C 2501:C 38 
C 2501:C 39 
C 2501:C 40 
C 2501:C 41 
C 2501:C 42 
C 2501:C 43 
C 2501:C 44 
C 2501:C 45 
C 2501:C 46 
C 2501:C 47 
C 2501:C 48 
C 2501:C 49 
C 2501:C 50 
D 2501:D 51 
D 2501:D 52 
D 2501:D 53 
D 2501:D 54 
D 2501:D 55 
D 2501:D 56 
D 2501:D 57 
D 2501:D 58 
D 2501:D 59 
D 2501:D 60 
D 2501:D 61 
D 2501:D 62 
D 2501:D 63 
D 2501:D 64 
D 2501:D 65 
D 2501:D 66 
D 2501:D 67 
E 2501:E 68 
E 2501:E 69 
E 2501:E 70 
E 2501:E 71 
E 2501:E 72 
E 2501:E 73 
E 2501:E 74 
E 2501:E 75 
E 2501:E 76 
E 2501:E 77 
E 2501:E 78 
E 2501:E 79 
E 2501:E 80 
E 2501:E 81 
E 2501:E 82 
E 2501:E 83 
E 2501:E 84 
F 2501:F 85 
F 2501:F 86 
F 2501:F 87 
F 2501:F 88 
F 2501:F 89 
F 2501:F 90 
F 2501:F 91 
F 2501:F 92 
F 2501:F 93 
F 2501:F 94 
F 2501:F 95 
F 2501:F 96 
F 2501:F 97 
F 2501:F 98 
F 2501:F 99 
F 2501:F 100 
F 2501:F 101 
G 2501:G 102 
G 2501:G 103 
G 2501:G 104 
G 2501:G 105 
G 2501:G 106 
G 2501:G 107 
G 2501:G 108 
G 2501:G 109 
G 2501:G 110 
G 2501:G 111 
G 2501:G 112 
G 2501:G 113 
G 2501:G 114 
G 2501:G 115 
G 2501:G 116 
G 2501:G 117 
G 2501:G 118 
H 2501:H 119 
H 2501:H 120 
H 2501:H 121 
H 2501:H 122 
H 2501:H 123 
H 2501:H 124 
H 2501:H 125 
H 2501:H 126 
H 2501:H 127 
H 2501:H 128 
H 2501:H 129 
H 2501:H 130 
H 2501:H 131 
H 2501:H 132 
H 2501:H 133 
H 2501:H 134 
H 2501:H 135 
A 2501:A 136 
A 2501:A 137 
A 2501:A 138 
A 2501:A 139 
A 2501:A 140 
A 2501:A 141 
A 2501:A 142 
A 2501:A 143 
A 2501:A 144 
A 2501:A 145 
A 2501:A 146 
A 2501:A 147 
A 2501:A 148 
A 2501:A 149 
A 2501:A 150 
A 2501:A 151 
A 2501:A 152 
B 2501:B 153 
B 2501:B 154 
B 2501:B 155 
B 2501:B 156 
B 2501:B 157 
B 2501:B 158 
B 2501:B 159 
B 2501:B 160 
B 2501:B 161 
B 2501:B 162 
B 2501:B 163 
B 2501:B 164 
B 2501:B 165 
B 2501:B 166 
B 2501:B 167 
B 2501:B 168 
B 2501:B 169 
C 2501:C 170 
C 2501:C 171 
C 2501:C 172 
C 2501:C 173 
C 2501:C 174 
C 2501:C 175 
C 2501:C 176 
C 2501:C 177 
C 2501:C 178 
C 2501:C 179 
C 2501:C 180 
C 2501:C 181 
C 2501:C 182 
C 2501:C 183 
C 2501:C 184 
C 2501:C 185 
C 2501:C 186 
D 2501:D 187 
D 2501:D 188 
D 2501:D 189 
D 2501:D 190 
D 2501:D 191 
D 2501:D 192 
D 2501:D 193 
D 2501:D 194 
D 2501:D 195 
D 2501:D 196 
D 2501:D 197 
D 2501:D 198 
D 2501:D 199 
D 2501:D 200 
D 2501:D 201 
D 2501:D 202 
D 2501:D 203 
E 2501:E 204 
E 2501:E 205 
E 2501:E 206 
E 2501:E 207 
E 2501:E 208 
E 2501:E 209 
E 2501:E 210 
E 2501:E 211 
E 2501:E 212 
E 2501:E 213 
E 2501:E 214 
E 2501:E 215 
E 2501:E 216 
E 2501:E 217 
E 2501:E 218 
E 2501:E 219 
E 2501:E 220 
F 2501:F 221 
F 2501:F 222 
F 2501:F 223 
F 2501:F 224 
F 2501:F 225 
F 2501:F 226 
F 2501:F 227 
F 2501:F 228 
F 2501:F 229 
F 2501:F 230 
F 2501:F 231 
F 2501:F 232 
F 2501:F 233 
F 2501:F 234 
F 2501:F 235 
F 2501:F 236 
F 2501:F 237 
G 2501:G 238 
G 2501:G 239 
G 2501:G 240 
G 2501:G 241 
G 2501:G 242 
G 2501:G 243 
G 2501:G 244 
G 2501:G 245 
G 2501:G 246 
G 2501:G 247 
G 2501:G 248 
G 2501:G 249 
G 2501:G 250 
G 2501:G 251 
G 2501:G 252 
G 2501:G 253 
G 2501:G 254 
H 2501:H 255 
H 2501:H 256 
H 2501:H 257 
H 2501:H 258 
H 2501:H 259 
H 2501:H 260 
H 2501:H 261 
H 2501:H 262 
H 2501:H 263 
H 2501:H 264 
H 2501:H 265 
H 2501:H 266 
H 2501:H 267 
H 2501:H 268 
H 2501:H 269 
H 2501:H 270 
H 2501:H 271 
V1 2501:V1 272 
V1 2501:V1 273 
V1 2501:V1 274 
V1 2501:V1 275 
V1 2501:V1 276 
V1 2501:V1 277 
V1 2501:V1 278 
V1 2501:V1 279 
V1 2501:V1 280 
V1 2501:V1 281 
V1 2501:V1 282 
V1 2501:V1 283 
V1 2501:V1 284 
V1 2501:V1 285 
V1 2501:V1 286 
V1 2501:V1 287 
V1 2501:V1 288 
connecting to database ...schema is modencode_experiment_2501_data,public
database connected.
loading experiment ...try to find num_of_rows ...289 done
try to find num_of_cols ...6 done
try to find title ...Mixed-stage 3'RACE 454 sequencing & alignment done
try to find description ...The 3' untranslated region (3'UTR) constitutes a major site of post-transcriptional regulation of gene expression. Sequence elements in the 3'UTR interact with trans-acting regulators such as microRNAs that affect translation and stability. The overall aim is to use a 3'RACE cloning-sequencing stragety to identify the 3'UTRs of C. elegans transcripts and explore their heterogeneity in different developmental stages and tissues. done
try to find organism ...Caenorhabditis elegans done
try to find project ...Fabio Piano done
try to find lab ...Piano done
try to find factors ... temperature : 25 degree celsius done
try to find data_type ...NA done
try to find assay_type ...NA done
try to find hyb_slot ...NA done
try to find seq_slot ...4 done
try to find ip_slot ...NA done
try to find label_slot ...3 done
try to find raw_slot ...NA done
try to find norm_slot ...5 done
try to find platform ... done
try to find sample_name_slot ...NA done
try to find source_name_slot ...NA done
try to find extract_name_slot ...NA done
try to find hybridization_name_slot ...NA done
try to find replicate_group_slot ...NA done
try to find last_extraction_slot ...