initializing...
output file is /home/zzha/reporter_seq/tag/2761_tag.csv
connecting to database ...schema is modencode_experiment_2761_data,public
database connected.
loading experiment ...done.
try to find num_of_rows ...8 done
try to find num_of_cols ...6 done
try to find title ...Kc_H2Av_Knockdown_RNA_Expression_Tiling_Array done
try to find description ...poly A+ RNA was isolated and used to synthesize single-stranded cDNA probes.  Labeled cDNA and labeled genomic DNA were hybridized to NimbleGen microarrays (2-color hybridizations).  These experiments are used as controls for nucleosome salt fractionations. done
try to find organism ...Drosophila melanogaster done
try to find project ...Steven Henikoff done
try to find lab ...Ahmad done
try to find factors ... synthetic_RNA : CG5499_RNAi done
try to find data_type ...RNA expression profiling done
try to find assay_type ...tiling array:RNA done
try to find hyb_slot ...3 done
try to find seq_slot ...NA done
try to find ip_slot ...NA done
try to find label_slot ...2 done
try to find raw_slot ...4 done
try to find norm_slot ...5 done
try to find platform ...Nimblegen done
try to find sample_name_slot ...NA done
try to find source_name_slot ...NA done
try to find extract_name_slot ...NA done
try to find hybridization_name_slot ...NA done
try to find replicate_group_slot ...2 done
try to find last_extraction_slot ...1 done
try to find groups ...