initializing...
output file is /home/zzha/reporter_seq/tag/2783_tag.csv
connecting to database ...schema is modencode_experiment_2783_data,public
database connected.
loading experiment ...done.
try to find num_of_rows ...4 done
try to find num_of_cols ...6 done
try to find title ...MCM KC-167 ChIP-Seq experiment done
try to find description ...We will precisely identify sequence elements that direct DNA replication by using chromatin immunoprecipitation of known replication initiation complexes.  These experiments will be conducted in multiple cell types and developmental tissues. done
try to find organism ...Drosophila melanogaster done
try to find project ...David MacAlpine done
try to find lab ...MacAlpine done
try to find factors ... done
try to find data_type ...Replication Factors done
try to find assay_type ...ChIP-seq done
try to find hyb_slot ...NA done
try to find seq_slot ...3 done
try to find ip_slot ...2 done
try to find label_slot ...NA done
try to find raw_slot ...3 done
try to find norm_slot ...5 done
try to find platform ...Illumina done
try to find sample_name_slot ...0 done
try to find source_name_slot ...0 done
try to find extract_name_slot ...NA done
try to find hybridization_name_slot ...NA done
try to find replicate_group_slot ...0 done
try to find last_extraction_slot ...1 done
try to find groups ...group by sample name.
$VAR1 = undef;
NA done
try to find strain ...NA done
try to find cellline ...Kc167 done
try to find devstage ...late embryonic stage done
try to find tissue ...embryo-derived cell-line done
try to find sex ...Female done
try to find antibody ...Ab:MCM2-7:DM:1&oldid=18768 done
try to find tgt_gene ...MCM2-7 complex done
try to find level1 ...Dmel_r5.4 done
try to find level2 ...DNA-Replication done
try to find level3 ...ChIP-seq done
level4 factor is MCM2-7 complex
level4 condition is Cell-Line_Kc167;Tissue_embryo-derived cell-line;Developmental-Stage_late embryonic stage
try to get raw data...done.
try to get intermediate data...done
try to get interpret data...done
