initializing...
output file is /home/zzha/reporter_seq/tag/674_tag.csv
connecting to database ...schema is modencode_experiment_674_data,public
database connected.
loading experiment ...done.
try to find num_of_rows ...256 done
try to find num_of_cols ...7 done
try to find title ...Kc167 ORC2 Localization done
try to find description ...We will precisely identify sequence elements that direct DNA replication by using chromatin immunoprecipitation of known replication initiation complexes.  These experiments will be conducted in multiple cell types and developmental tissues. done
try to find organism ...Drosophila melanogaster done
try to find project ...David MacAlpine done
try to find lab ...MacAlpine done
try to find factors ... done
try to find data_type ...Replication Factors done
try to find assay_type ...ChIP-chip done
try to find hyb_slot ...4 done
try to find seq_slot ...NA done
try to find ip_slot ...2 done
try to find label_slot ...3 done
try to find raw_slot ...5 done
try to find norm_slot ...6 done
try to find platform ...Agilent done
try to find sample_name_slot ...0 done
try to find source_name_slot ...0 done
try to find extract_name_slot ...NA done
try to find hybridization_name_slot ...NA done
try to find replicate_group_slot ...0 done
try to find last_extraction_slot ...1 done
try to find groups ...group by sample name.
$VAR1 = undef;
NA done
try to find strain ...NA done
try to find cellline ...Kc167 done
try to find devstage ...late embryonic stage done
try to find tissue ...embryo-derived cell-line done
try to find sex ...Female done
try to find antibody ...Ab:dORC2:DM:1&oldid=17635 done
try to find tgt_gene ...Drosophila ORC2p done
try to find level1 ...Dmel_r5.4 done
try to find level2 ...DNA-Replication done
try to find level3 ...ChIP-chip done
level4 factor is Drosophila ORC2p
level4 condition is Cell-Line_Kc167;Tissue_embryo-derived cell-line;Developmental-Stage_late embryonic stage
try to get raw data...done.
try to get intermediate data...done
try to get interpret data...done
