initializing...
output file is /home/zzha/reporter_seq/tag/712_tag.csv
connecting to database ...schema is modencode_experiment_712_data,public
database connected.
loading experiment ...done.
Celniker/RNA:57 574 0 
Celniker/RNA:57 574 1 
Celniker/RNA:57 574 2 
Celniker/RNA:57 574 3 
Celniker/RNA:57 574 4 
connecting to database ...schema is modencode_experiment_574_data,public
database connected.
loading experiment ...try to find num_of_rows ...5 done
try to find num_of_cols ...6 done
try to find title ...Whole mixed sex adult flies (57) RNA-Seq done
try to find description ...These protocols describe using the high-throughput sequencing technology Solexa for the identification of mRNA in Drosophila melanogaster. done
try to find organism ...Drosophila melanogaster done
try to find project ...Susan Celniker done
try to find lab ...Brent done
try to find factors ... done
try to find data_type ...RNA expression profiling done
try to find assay_type ...RNA-seq done
try to find hyb_slot ...NA done
try to find seq_slot ...4 done
try to find ip_slot ...NA done
try to find label_slot ...3 done
try to find raw_slot ...4 done
try to find norm_slot ...5 done
try to find platform ...Illumina done
try to find sample_name_slot ...NA done
try to find source_name_slot ...NA done
try to find extract_name_slot ...NA done
try to find hybridization_name_slot ...NA done
try to find replicate_group_slot ...NA done
try to find last_extraction_slot ...2 done
try to find groups ...group by last extraction protocol.
$VAR1 = {
          '4' => 0,
          '1' => 0,
          '3' => 0,
          '0' => 0,
          '2' => 0
        };
HASH(0xe7ad90) done
try to find strain ...Y cn bw sp done
try to find cellline ...NA done
try to find devstage ...Mixed Adult 7-11 day done
try to find tissue ...NA done
try to find sex ...NA done
try to find antibody ...NA done
try to find tgt_gene ...NA done
try to find level1 ...Dmel_r5.4 done
try to find level2 ...mRNA done
try to find level3 ...RNA-seq done
level4 factor is total-RNA
level4 condition is Strain_Y cn bw sp;Developmental-Stage_Mixed Adult 7-11 day
try to get raw data...done.
try to get intermediate data...done
try to get interpret data...done
