initializing...
output file is /home/zzha/reporter_seq/tag/890_tag.csv
connecting to database ...schema is modencode_experiment_890_data,public
database connected.
loading experiment ...done.
try to find num_of_rows ...972 done
try to find num_of_cols ...9 done
try to find title ...Pupae_PolII_8wg16 ChIP-chip done
try to find description ...The White Lab is aiming to map the association of all the Transcription Factors (TF) and DNA associated proteins on the genome of Drosophila melanogaster. The main technique that will be used for this purpose is chromatin immunoprecipitation-on-chip (ChIP-on-chip) utilizing whole-genome tiling arrays. The data generated by ChIP-chip experiments consist basically of a plot of signal intensity across the genome. The highest signals correspond to positions in the genome occupied by the tested TF.
ChIP-seq, meaning direct sequencing of the ChIP sample on the Solexa platform, has also been used to validate some datasets and will become- as the project advances- the main production platform.

To support ChIP-chip and ChIP-seq datasets, and in order to link association of factors to the DNA with regulation of transcription, several RNA-seq (direct sequencing of the transcriptome on the Solexa platform) datasets will be genrated for the time-points under scrutiny. done
try to find organism ...Drosophila melanogaster done
try to find project ...Kevin White done
try to find lab ...White done
try to find factors ... done
try to find data_type ...Other chromatin binding sites done
try to find assay_type ...ChIP-chip done
try to find hyb_slot ...5 done
try to find seq_slot ...NA done
try to find ip_slot ...2 done
try to find label_slot ...4 done
try to find raw_slot ...6 done
try to find norm_slot ...7 done
try to find platform ...Agilent done
try to find sample_name_slot ...0 done
try to find source_name_slot ...NA done
try to find extract_name_slot ...0 done
try to find hybridization_name_slot ...0 done
try to find replicate_group_slot ...0 done
try to find last_extraction_slot ...0 done
try to find groups ...group by extract name.
$VAR1 = {
          '559' => 2,
          '127' => 0,
          '32' => 1,
          '443' => 2,
          '206' => 1,
          '118' => 0,
          '71' => 1,
          '959' => 1,
          '882' => 3,
          '358' => 1,
          '331' => 2,
          '737' => 1,
          '560' => 2,
          '767' => 3,
          '580' => 1,
          '898' => 1,
          '798' => 1,
          '805' => 1,
          '84' => 1,
          '512' => 1,
          '437' => 2,
          '463' => 1,
          '194' => 1,
          '517' => 1,
          '458' => 2,
          '451' => 2,
          '220' => 0,
          '454' => 2,
          '846' => 1,
          '722' => 1,
          '634' => 1,
          '31' => 1,
          '578' => 1,
          '934' => 1,
          '695' => 1,
          '728' => 1,
          '948' => 1,
          '742' => 1,
          '378' => 1,
          '325' => 2,
          '29' => 1,
          '889' => 3,
          '572' => 1,
          '350' => 2,
          '968' => 1,
          '675' => 1,
          '540' => 2,
          '226' => 0,
          '58' => 1,
          '684' => 1,
          '211' => 1,
          '153' => 1,
          '15' => 0,
          '527' => 1,
          '431' => 1,
          '861' => 1,
          '382' => 1,
          '337' => 2,
          '101' => 1,
          '340' => 2,
          '76' => 1,
          '311' => 1,
          '62' => 1,
          '833' => 1,
          '571' => 1,
          '139' => 1,
          '825' => 1,
          '389' => 1,
          '129' => 0,
          '917' => 1,
          '926' => 1,
          '548' => 2,
          '495' => 1,
          '859' => 1,
          '739' => 1,
          '876' => 3,
          '966' => 1,
          '662' => 3,
          '418' => 1,
          '933' => 1,
          '783' => 1,
          '758' => 3,
          '236' => 0,
          '706' => 1,
          '218' => 0,
          '168' => 1,
          '135' => 1,
          '14' => 0,
          '348' => 2,
          '145' => 1,
          '789' => 1,
          '49' => 1,
          '834' => 1,
          '178' => 1,
          '285' => 1,
          '772' => 3,
          '124' => 0,
          '627' => 1,
          '234' => 0,
          '594' => 1,
          '715' => 1,
          '0' => 0,
          '23' => 0,
          '388' => 1,
          '364' => 1,
          '96' => 1,
          '653' => 3,
          '950' => 1,
          '486' => 1,
          '509' => 1,
          '160' => 1,
          '569' => 1,
          '367' => 1,
          '8' => 0,
          '716' => 1,
          '98' => 1,
          '940' => 1,
          '43' => 1,
          '686' => 1,
          '485' => 1,
          '391' => 1,
          '778' => 3,
          '743' => 1,
          '685' => 1,
          '21' => 0,
          '523' => 1,
          '720' => 1,
          '943' => 1,
          '288' => 1,
          '193' => 1,
          '460' => 1,
          '119' => 0,
          '723' => 1,
          '586' => 1,
          '453' => 2,
          '324' => '2',
          '180' => 1,
          '244' => 1,
          '637' => 1,
          '351' => 1,
          '410' => 1,
          '595' => 1,
          '246' => 1,
          '690' => 1,
          '488' => 1,
          '61' => 1,
          '752' => 1,
          '835' => 1,
          '430' => 1,
          '447' => 2,
          '536' => 1,
          '379' => 1,
          '415' => 1,
          '901' => 1,
          '113' => 0,
          '152' => 1,
          '189' => 1,
          '452' => 2,
          '342' => 2,
          '862' => 1,
          '579' => 1,
          '295' => 1,
          '480' => 1,
          '341' => 2,
          '438' => 2,
          '107' => 1,
          '535' => 1,
          '87' => 1,
          '77' => 1,
          '683' => 1,
          '444' => 2,
          '541' => 2,
          '508' => 1,
          '953' => 1,
          '221' => 0,
          '39' => 1,
          '64' => 1,
          '558' => 2,
          '417' => 1,
          '12' => 0,
          '881' => 3,
          '765' => 3,
          '897' => 1,
          '784' => 1,
          '312' => 1,
          '45' => 1,
          '507' => 1,
          '405' => 1,
          '260' => 1,
          '573' => 1,
          '237' => 0,
          '370' => 1,
          '309' => 1,
          '762' => 3,
          '638' => 1,
          '734' => 1,
          '875' => 3,
          '567' => 1,
          '1' => 0,
          '506' => 1,
          '136' => 1,
          '116' => 0,
          '416' => 1,
          '144' => 1,
          '914' => 1,
          '380' => 1,
          '100' => 1,
          '965' => 1,
          '300' => 1,
          '824' => 1,
          '661' => 3,
          '286' => 1,
          '120' => 0,
          '800' => 1,
          '381' => 1,
          '581' => 1,
          '308' => 1,
          '906' => 1,
          '392' => 1,
          '254' => 1,
          '177' => 1,
          '678' => 1,
          '496' => 1,
          '605' => 1,
          '373' => 1,
          '607' => 1,
          '773' => 3,
          '813' => 1,
          '205' => 1,
          '42' => 1,
          '22' => 0,
          '759' => 3,
          '644' => 1,
          '851' => 1,
          '927' => 1,
          '399' => 1,
          '235' => 0,
          '301' => 1,
          '694' => 1,
          '436' => 2,
          '213' => 1,
          '94' => 1,
          '816' => 1,
          '51' => 1,
          '456' => 2,
          '568' => 1,
          '874' => 3,
          '652' => 3,
          '296' => 1,
          '265' => 1,
          '791' => 1,
          '493' => 1,
          '171' => 1,
          '916' => 1,
          '386' => 1,
          '796' => 1,
          '445' => 2,
          '200' => 1,
          '366' => 1,
          '844' => 1,
          '329' => 2,
          '525' => 1,
          '787' => 1,
          '27' => '1',
          '272' => 1,
          '161' => 1,
          '775' => 3,
          '582' => 1,
          '919' => 1,
          '746' => 1,
          '534' => 1,
          '400' => 1,
          '744' => 1,
          '20' => 0,
          '109' => 0,
          '888' => 3,
          '633' => 1,
          '151' => 1,
          '557' => 2,
          '718' => 1,
          '468' => 1,
          '700' => 1,
          '287' => 1,
          '475' => 1,
          '441' => 2,
          '78' => 1,
          '868' => 3,
          '413' => 1,
          '294' => 1,
          '932' => 1,
          '764' => 3,
          '672' => 3,
          '349' => 2,
          '769' => 3,
          '275' => 1,
          '803' => 1,
          '515' => 1,
          '197' => 1,
          '853' => 1,
          '138' => 1,
          '751' => 1,
          '606' => 1,
          '137' => 1,
          '60' => 1,
          '724' => 1,
          '691' => 1,
          '666' => 3,
          '432' => 2,
          '519' => 1,
          '860' => 1,
          '346' => 2,
          '911' => 1,
          '17' => 0,
          '427' => 1,
          '677' => 1,
          '907' => 1,
          '708' => 1,
          '82' => 1,
          '110' => 0,
          '650' => 3,
          '333' => 2,
          '710' => 1,
          '590' => 1,
          '895' => 1,
          '323' => 1,
          '856' => 1,
          '69' => 1,
          '112' => 0,
          '664' => 3,
          '545' => 2,
          '191' => 1,
          '224' => 0,
          '187' => 1,
          '588' => 1,
          '646' => 1,
          '756' => 3,
          '446' => 2,
          '262' => 1,
          '617' => 1,
          '79' => 1,
          '212' => 1,
          '352' => 1,
          '126' => 0,
          '426' => 1,
          '251' => 1,
          '542' => 2,
          '369' => 1,
          '961' => 1,
          '651' => 3,
          '279' => 1,
          '176' => 1,
          '956' => 1,
          '629' => 1,
          '498' => 1,
          '483' => 1,
          '947' => 1,
          '256' => 1,
          '810' => 1,
          '372' => 1,
          '574' => 1,
          '170' => 1,
          '33' => 1,
          '920' => 1,
          '660' => 3,
          '428' => 1,
          '7' => 0,
          '887' => 3,
          '26' => 0,
          '227' => 0,
          '99' => 1,
          '566' => 2,
          '526' => 1,
          '72' => 1,
          '869' => 3,
          '806' => 1,
          '500' => 1,
          '264' => 1,
          '255' => 1,
          '790' => 1,
          '533' => 1,
          '359' => 1,
          '918' => 1,
          '182' => 1,
          '108' => 0,
          '604' => 1,
          '556' => 2,
          '717' => 1,
          '462' => 1,
          '414' => 1,
          '232' => 0,
          '477' => 1,
          '843' => 1,
          '815' => 1,
          '671' => 3,
          '225' => 0,
          '330' => 2,
          '142' => 1,
          '207' => 1,
          '632' => 1,
          '263' => 1,
          '394' => 1,
          '167' => 1,
          '48' => 1,
          '360' => 1,
          '692' => 1,
          '610' => 1,
          '514' => 1,
          '931' => 1,
          '725' => 1,
          '663' => 3,
          '513' => 1,
          '615' => 1,
          '50' => 1,
          '476' => 1,
          '854' => 1,
          '969' => 1,
          '797' => 1,
          '766' => 3,
          '510' => 1,
          '393' => 1,
          '449' => 2,
          '293' => 1,
          '658' => 3,
          '274' => 1,
          '549' => 2,
          '877' => 3,
          '659' => 3,
          '967' => 1,
          '645' => 1,
          '322' => 1,
          '469' => 1,
          '682' => 1,
          '635' => 1,
          '353' => 1,
          '575' => 1,
          '375' => 1,
          '946' => 1,
          '788' => 1,
          '709' => 1,
          '128' => 0,
          '28' => 1,
          '310' => 1,
          '40' => 1,
          '589' => 1,
          '303' => 1,
          '192' => 1,
          '250' => 1,
          '614' => 1,
          '699' => 1,
          '501' => 1,
          '215' => 1,
          '687' => 1,
          '960' => 1,
          '278' => 1,
          '818' => 1,
          '490' => 1,
          '150' => 1,
          '130' => 0,
          '155' => 1,
          '387' => 1,
          '53' => 1,
          '245' => 1,
          '626' => 1,
          '543' => 2,
          '267' => 1,
          '941' => 1,
          '826' => 1,
          '354' => 1,
          '461' => 1,
          '583' => 1,
          '257' => 1,
          '951' => 1,
          '782' => 3,
          '757' => 3,
          '85' => 1,
          '809' => 1,
          '332' => 2,
          '9' => 0,
          '425' => 1,
          '591' => 1,
          '745' => 1,
          '34' => 1,
          '832' => 1,
          '736' => 1,
          '539' => 1,
          '781' => 3,
          '603' => 1,
          '828' => 1,
          '90' => 1,
          '276' => 1,
          '620' => 1,
          '565' => 2,
          '102' => 1,
          '520' => 1,
          '850' => 1,
          '937' => 1,
          '891' => 1,
          '532' => 1,
          '730' => 1,
          '16' => 0,
          '921' => 1,
          '55' => 1,
          '233' => 0,
          '57' => 1,
          '259' => 1,
          '368' => 1,
          '424' => 1,
          '872' => 3,
          '316' => 1,
          '163' => 1,
          '395' => 1,
          '89' => 1,
          '611' => 1,
          '175' => 1,
          '584' => 1,
          '849' => 1,
          '35' => 1,
          '11' => 0,
          '492' => 1,
          '208' => 1,
          '347' => 2,
          '842' => 1,
          '511' => 1,
          '665' => 3,
          '434' => 2,
          '93' => 1,
          '899' => 1,
          '865' => 3,
          '292' => 1,
          '291' => 1,
          '904' => 1,
          '374' => 1,
          '930' => 1,
          '114' => 0,
          '199' => 1,
          '442' => 2,
          '429' => 1,
          '649' => 3,
          '689' => 1,
          '886' => 3,
          '648' => '3',
          '642' => 1,
          '73' => 1,
          '409' => 1,
          '67' => 1,
          '812' => 1,
          '795' => 1,
          '241' => 0,
          '198' => 1,
          '489' => 1,
          '794' => 1,
          '585' => 1,
          '727' => 1,
          '327' => 2,
          '944' => 1,
          '939' => 1,
          '320' => 1,
          '732' => 1,
          '674' => 3,
          '913' => 1,
          '811' => 1,
          '957' => 1,
          '280' => 1,
          '273' => 1,
          '471' => 1,
          '622' => 1,
          '202' => 1,
          '249' => 1,
          '361' => 1,
          '465' => 1,
          '184' => 1,
          '819' => 1,
          '970' => 1,
          '776' => 3,
          '894' => 1,
          '24' => 0,
          '858' => 1,
          '140' => 1,
          '104' => 1,
          '131' => 0,
          '181' => 1,
          '412' => 1,
          '954' => 1,
          '385' => 1,
          '502' => 1,
          '307' => 1,
          '314' => 1,
          '801' => 1,
          '971' => 1,
          '830' => 1,
          '154' => 1,
          '754' => 1,
          '355' => 1,
          '847' => 1,
          '747' => 1,
          '553' => 2,
          '159' => 1,
          '479' => 1,
          '704' => 1,
          '326' => 2,
          '555' => 2,
          '681' => 1,
          '47' => 1,
          '619' => 1,
          '37' => 1,
          '335' => 2,
          '855' => 1,
          '270' => 1,
          '698' => 1,
          '5' => 0,
          '195' => 1,
          '621' => 1,
          '538' => 1,
          '524' => 1,
          '554' => 2,
          '680' => 1,
          '679' => 1,
          '831' => 1,
          '552' => 2,
          '521' => 1,
          '598' => 1,
          '162' => 1,
          '880' => 3,
          '780' => 3,
          '433' => 2,
          '647' => 1,
          '74' => 1,
          '240' => 0,
          '334' => 2,
          '890' => 3,
          '786' => 1,
          '440' => 2,
          '740' => 1,
          '230' => 0,
          '115' => 0,
          '299' => 1,
          '377' => 1,
          '103' => 1,
          '922' => 1,
          '602' => 1,
          '201' => 1,
          '871' => 3,
          '841' => 1,
          '423' => 1,
          '719' => 1,
          '612' => 1,
          '902' => 1,
          '936' => 1,
          '827' => 1,
          '91' => 1,
          '266' => 1,
          '701' => 1,
          '467' => 1,
          '820' => 1,
          '174' => 1,
          '474' => 1,
          '481' => 1,
          '867' => 3,
          '214' => 1,
          '422' => 1,
          '564' => 2,
          '905' => 1,
          '817' => 1,
          '563' => 2,
          '97' => 1,
          '731' => 1,
          '41' => 1,
          '668' => 3,
          '52' => 1,
          '750' => 1,
          '688' => 1,
          '657' => 3,
          '302' => 1,
          '774' => 3,
          '229' => 0,
          '866' => 3,
          '768' => 3,
          '910' => 1,
          '693' => 1,
          '673' => 3,
          '503' => 1,
          '770' => 3,
          '593' => 1,
          '68' => 1,
          '188' => 1,
          '315' => 1,
          '402' => 1,
          '641' => 1,
          '893' => 1,
          '338' => 2,
          '838' => 1,
          '761' => 3,
          '576' => 1,
          '616' => 1,
          '222' => 0,
          '640' => 1,
          '25' => 0,
          '738' => 1,
          '870' => 3,
          '804' => 1,
          '83' => 1,
          '484' => 1,
          '305' => 1,
          '896' => 1,
          '928' => 1,
          '623' => 1,
          '544' => 2,
          '962' => 1,
          '217' => 0,
          '328' => 2,
          '755' => 1,
          '239' => 0,
          '777' => 3,
          '122' => 0,
          '143' => 1,
          '878' => 3,
          '628' => 1,
          '158' => 1,
          '269' => 1,
          '281' => 1,
          '464' => 1,
          '363' => 1,
          '46' => 1,
          '733' => 1,
          '6' => 0,
          '562' => 2,
          '630' => 1,
          '36' => 1,
          '518' => 1,
          '183' => 1,
          '497' => 1,
          '748' => 1,
          '472' => 1,
          '362' => 1,
          '439' => 2,
          '317' => 1,
          '608' => 1,
          '711' => 1,
          '132' => 0,
          '169' => 1,
          '411' => 1,
          '705' => 1,
          '478' => 1,
          '892' => 1,
          '384' => 1,
          '398' => 1,
          '836' => 1,
          '955' => 1,
          '942' => 1,
          '546' => 2,
          '537' => 1,
          '407' => 1,
          '18' => 0,
          '912' => 1,
          '376' => 1,
          '785' => 1,
          '522' => 1,
          '125' => 0,
          '599' => 1,
          '44' => 1,
          '609' => 1,
          '587' => 1,
          '667' => 3,
          '741' => 1,
          '190' => 1,
          '95' => 1,
          '298' => 1,
          '923' => 1,
          '714' => 1,
          '822' => 1,
          '601' => 1,
          '313' => 1,
          '243' => 1,
          '231' => 0,
          '779' => 3,
          '551' => 2,
          '529' => 1,
          '148' => 1,
          '753' => 1,
          '343' => 2,
          '504' => 1,
          '697' => 1,
          '726' => 1,
          '397' => 1,
          '857' => 1,
          '707' => 1,
          '106' => 1,
          '964' => 1,
          '157' => 1,
          '65' => 1,
          '935' => 1,
          '203' => 1,
          '261' => 1,
          '908' => 1,
          '81' => 1,
          '321' => 1,
          '459' => 1,
          '792' => 1,
          '624' => 1,
          '86' => 1,
          '284' => 1,
          '823' => 1,
          '903' => 1,
          '247' => 1,
          '656' => 3,
          '371' => 1,
          '204' => 1,
          '165' => 1,
          '289' => 1,
          '729' => 1,
          '771' => 3,
          '2' => 0,
          '435' => 2,
          '814' => 1,
          '808' => 1,
          '401' => 1,
          '845' => 1,
          '924' => 1,
          '186' => 1,
          '885' => 3,
          '884' => 3,
          '147' => 1,
          '339' => 2,
          '760' => 3,
          '228' => 0,
          '863' => 1,
          '749' => 1,
          '531' => 1,
          '268' => 1,
          '829' => 1,
          '345' => 2,
          '915' => 1,
          '596' => 1,
          '172' => 1,
          '319' => 1,
          '735' => 1,
          '223' => 0,
          '404' => 1,
          '721' => 1,
          '613' => 1,
          '516' => 1,
          '669' => 3,
          '282' => 1,
          '420' => 1,
          '121' => 0,
          '702' => 1,
          '952' => 1,
          '639' => 1,
          '344' => 2,
          '487' => 1,
          '494' => 1,
          '238' => 0,
          '873' => 3,
          '636' => 1,
          '577' => 1,
          '253' => 1,
          '561' => 2,
          '448' => 2,
          '209' => 1,
          '216' => 0,
          '357' => 1,
          '117' => 0,
          '852' => 1,
          '643' => 1,
          '63' => 1,
          '455' => 2,
          '600' => 1,
          '80' => 1,
          '336' => 2,
          '457' => 2,
          '821' => 1,
          '179' => 1,
          '696' => 1,
          '383' => 1,
          '963' => 1,
          '297' => 1,
          '713' => 1,
          '676' => 1,
          '277' => 1,
          '92' => 1,
          '938' => 1,
          '879' => 3,
          '10' => 0,
          '550' => 2,
          '505' => 1,
          '670' => 3,
          '929' => 1,
          '958' => 1,
          '419' => 1,
          '837' => 1,
          '133' => 0,
          '290' => 1,
          '625' => 1,
          '592' => 1,
          '149' => 1,
          '123' => 0,
          '304' => 1,
          '712' => 1,
          '631' => 1,
          '547' => 2,
          '210' => 1,
          '406' => 1,
          '258' => 1,
          '396' => 1,
          '482' => 1,
          '949' => 1,
          '173' => 1,
          '530' => 1,
          '56' => 1,
          '499' => 1,
          '66' => 1,
          '19' => 0,
          '54' => 1,
          '365' => 1,
          '763' => 3,
          '306' => 1,
          '70' => 1,
          '470' => 1,
          '839' => 1,
          '793' => 1,
          '166' => 1,
          '88' => 1,
          '141' => 1,
          '30' => 1,
          '909' => 1,
          '654' => 3,
          '570' => 1,
          '403' => 1,
          '252' => 1,
          '466' => 1,
          '883' => 3,
          '156' => 1,
          '134' => 0,
          '75' => 1,
          '283' => 1,
          '618' => 1,
          '848' => 1,
          '655' => 3,
          '59' => 1,
          '421' => 1,
          '450' => 2,
          '271' => 1,
          '703' => 1,
          '491' => 1,
          '864' => 3,
          '900' => 1,
          '219' => 0,
          '318' => 1,
          '13' => 0,
          '799' => 1,
          '105' => 1,
          '473' => 1,
          '925' => 1,
          '840' => 1,
          '185' => 1,
          '3' => 0,
          '597' => 1,
          '248' => 1,
          '390' => 1,
          '146' => 1,
          '111' => 0,
          '802' => 1,
          '38' => 1,
          '356' => 1,
          '408' => 1,
          '4' => 0,
          '528' => 1,
          '164' => 1,
          '807' => 1,
          '196' => 1,
          '945' => 1,
          '242' => 0
        };
HASH(0xe7ad90) done
try to find strain ...Y cn bw sp done
try to find cellline ...NA done
try to find devstage ...Pupae done
try to find tissue ...NA done
try to find sex ...Unknown done
try to find antibody ...Ab:PolII:KW:1&oldid=21956 done
try to find tgt_gene ...RNA Polymerase II done
try to find level1 ...Dmel_r5.4 done
try to find level2 ...non-TF-Chromatin-binding-factor done
try to find level3 ...ChIP-chip done
level4 factor is RNA Polymerase II
level4 condition is Strain_Y cn bw sp;Developmental-Stage_Pupae
try to get raw data...done.
try to get intermediate data...done
try to get interpret data...done
