modencode_121 GSE23219 
GSM571093 embryos,4-6 hr after egg laying (Celniker/RNA:409) extraction1_array1 
GSM571094 embryos,4-6 hr after egg laying (Celniker/RNA:410) extraction2_array1 
GSM571095 embryos,4-6 hr after egg laying (Celniker/RNA:411) extraction3_array1 
modencode_538 GSE23220 
GSM571096 L3 stage larvae,12 hr post-molt (Celniker/RNA:296) extraction1_array1 
GSM571097 L3 stage larvae,12 hr post-molt (Celniker/RNA:298) extraction2_array1 
GSM571098 L3 stage larvae,12 hr post-molt (Celniker/RNA:300) extraction3_array1 
modencode_539 GSE23221 
GSM571099 L3 stage larvae,Clear Gut PS (7-9) (Celniker/RNA:452) extraction1_array1 
GSM571100 L3 stage larvae,Clear Gut PS (7-9) (Celniker/RNA:454) extraction2_array1 
GSM571101 L3 stage larvae,Clear Gut PS (7-9) (Celniker/RNA:456) extraction3_array1 
modencode_540 GSE23222 
GSM571102 L3 stage larvae,Dark Blue Gut PS(1-2) (Celniker/RNA:444) extraction1_array1 
GSM571103 L3 stage larvae,Light Blue Gut PS(3-6) (Celniker/RNA:446) extraction2_array1 
GSM571104 L3 stage larvae,Light Blue Gut PS(3-6) (Celniker/RNA:450) extraction3_array1 
modencode_541 GSE23223 
GSM571105 pupae,WPP + 2 days (Celniker/RNA:344) extraction1_array1 
GSM571106 pupae,WPP + 2 days (Celniker/RNA:346) extraction2_array1 
GSM571107 pupae,WPP + 2 days (Celniker/RNA:348) extraction3_array1 
modencode_544 GSE23224 
GSM571108 WPP + 12 hr (Celniker/RNA:332) extraction1_array1 
GSM571109 WPP + 12 hr (Celniker/RNA:334) extraction2_array1 
GSM571110 WPP + 12 hr (Celniker/RNA:336) extraction3_array1 
modencode_713 GSE23225 
GSM571111 ML-DmBG2-c3 (Celniker/RNA:485) extraction1_array1 
GSM571112 ML-DmBG2-c3 (Celniker/RNA:486) extraction2_array1 
GSM571113 ML-DmBG2-c3 (Celniker/RNA:487) extraction3_array1 
modencode_715 GSE23226 
GSM571114 S2-DRSC (Celniker/RNA:482) extraction1_array1 
GSM571115 S2-DRSC (Celniker/RNA:483) extraction2_array1 
GSM571116 S2-DRSC (Celniker/RNA:484) extraction3_array1 
modencode_716 GSE23227 
GSM571117 ML-DmBG3-c2 (Celniker/RNA:488) extraction1_array1 
GSM571118 ML-DmBG3-c2 (Celniker/RNA:489) extraction2_array1 
GSM571119 ML-DmBG3-c2 (Celniker/RNA:490) extraction3_array1 
modencode_717 GSE23228 
GSM571120 CME-W1 Cl.8+ (Celniker/RNA:491) extraction1_array1 
GSM571121 CME-W1 Cl.8+ (Celniker/RNA:492) extraction2_array1 
GSM571122 CME-W1 Cl.8+ (Celniker/RNA:493) extraction3_array1 
modencode_718 GSE23229 
GSM571123 S2-DRSC (Celniker/RNA:479) extraction1_array1 
GSM571124 S2-DRSC (Celniker/RNA:480) extraction2_array1 
GSM571125 S2-DRSC (Celniker/RNA:481) extraction3_array1 
modencode_763 GSE23230 
GSM571126 embryos,6-8 hr after egg laying (Celniker/RNA:230) extraction1_array1 
GSM571127 embryos,6-8 hr after egg laying (Celniker/RNA:232) extraction2_array1 
modencode_2340 GSE23231 
GSM571128 Celniker/RNA:531 extraction1_array1 
GSM571129 Celniker/RNA:532 extraction2_array1 
modencode_2341 GSE23232 
GSM571130 Celniker/RNA:497 extraction1_array1 
GSM571131 Celniker/RNA:498 extraction2_array1 
modencode_2342 GSE23233 
GSM571132 Celniker/RNA:515 extraction1_array1 
GSM571133 Celniker/RNA:516 extraction2_array1 
modencode_2896 GSE23234 
GSM571134 adult female,eclosion + 30 days (Celniker/RNA:398) extraction1_array1 
GSM571135 adult female,eclosion + 30 days (Celniker/RNA:400) extraction2_array1 
GSM571136 adult female,eclosion + 30 days (Celniker/RNA:402) extraction3_array1 
modencode_2897 GSE23235 
GSM571137 adult male,eclosion + 30 days (Celniker/RNA:392) extraction1_array1 
GSM571138 adult male,eclosion + 30 days (Celniker/RNA:394) extraction2_array1 
GSM571139 adult male,eclosion + 30 days (Celniker/RNA:396) extraction3_array1 
modencode_455 GSE23245 
GSM571416 embryo panneural tiling array extraction1_array1 
GSM571417 embryo panneural tiling array extraction2_array1 
GSM571418 embryo panneural tiling array extraction3_array1 
modencode_456 GSE23246 
GSM571419 embryo all cells reference tiling array extraction1_array1 
GSM571420 embryo all cells reference tiling array extraction2_array1 
GSM571421 embryo all cells reference tiling array extraction3_array1 
modencode_457 GSE23247 
GSM571422 embryo intestine tiling array extraction1_array1 
GSM571423 embryo intestine tiling array extraction2_array1 
GSM571424 embryo intestine tiling array extraction3_array1 
modencode_458 GSE23248 
GSM571425 embryo coelomocytes tiling array extraction1_array1 
GSM571426 embryo coelomocytes tiling array extraction2_array1 
GSM571427 embryo coelomocytes tiling array extraction3_array1 
modencode_459 GSE23249 
GSM571428 embryo AVA neurons tiling array extraction1_array1 
GSM571429 embryo AVA neurons tiling array extraction2_array1 
GSM571430 embryo AVA neurons tiling array extraction3_array1 
modencode_460 GSE23250 
GSM571431 L3-L4 PVD & OLL neurons tiling array extraction1_array1 
GSM571432 L3-L4 PVD & OLL neurons tiling array extraction2_array1 
GSM571433 L3-L4 PVD & OLL neurons tiling array extraction3_array1 
modencode_461 GSE23251 
GSM571434 L2 reference (mockIP) tiling array extraction1_array1 
GSM571435 L2 reference (mockIP) tiling array extraction2_array1 
GSM571436 L2 reference (mockIP) tiling array extraction3_array1 
modencode_462 GSE23252 
GSM571437 L2 panneural tiling array extraction1_array1 
GSM571438 L2 panneural tiling array extraction2_array1 
GSM571439 L2 panneural tiling array extraction3_array1 
modencode_463 GSE23253 
GSM571440 L2 intestine tiling array extraction1_array1 
GSM571441 L2 intestine tiling array extraction2_array1 
GSM571442 L2 intestine tiling array extraction3_array1 
modencode_464 GSE23254 
GSM571443 L2 excretory cell tiling array extraction1_array1 
GSM571444 L2 excretory cell tiling array extraction2_array1 
GSM571445 L2 excretory cell tiling array extraction3_array1 
modencode_465 GSE23255 
GSM571446 L2 body wall muscle tiling array extraction1_array1 
GSM571447 L2 body wall muscle tiling array extraction2_array1 
GSM571448 L2 body wall muscle tiling array extraction3_array1 
modencode_466 GSE23256 
GSM571449 L2 GABA neurons tiling array extraction1_array1 
GSM571450 L2 GABA neurons tiling array extraction2_array1 
GSM571451 L2 GABA neurons tiling array extraction3_array1 
modencode_467 GSE23257 
GSM571452 embryo dopaminergic neurons tiling array extraction1_array1 
GSM571453 embryo dopaminergic neurons tiling array extraction2_array1 
GSM571454 embryo dopaminergic neurons tiling array extraction3_array1 
modencode_468 GSE23258 
GSM571455 embryo GABA motor neurons tiling array extraction1_array1 
GSM571456 embryo GABA motor neurons tiling array extraction2_array1 
GSM571457 embryo GABA motor neurons tiling array extraction3_array1 
modencode_469 GSE23259 
GSM571458 L2 A-class neuron tiling array extraction1_array1 
GSM571459 L2 A-class neuron tiling array extraction2_array1 
GSM571460 L2 A-class neuron tiling array extraction3_array1 
modencode_470 GSE23260 
GSM571461 embryo body wall muscle tiling array (v2) extraction1_array1 
GSM571462 embryo body wall muscle tiling array (v2) extraction2_array1 
GSM571463 embryo body wall muscle tiling array (v2) extraction3_array1 
modencode_472 GSE23261 
GSM571464 L2 25dC 14hrs post-L1 N2 tiling array extraction1_array1 
GSM571465 L2 25dC 14hrs post-L1 N2 tiling array extraction2_array1 
GSM571466 L2 25dC 14hrs post-L1 N2 tiling array extraction3_array1 
modencode_473 GSE23262 
GSM571467 L4 25dC 36hrs post-L1 N2 tiling array extraction1_array1 
GSM571468 L4 25dC 36hrs post-L1 N2 tiling array extraction2_array1 
GSM571469 L4 25dC 36hrs post-L1 N2 tiling array extraction3_array1 
modencode_474 GSE23263 
GSM571470 L3 25dC 25hrs post-L1 N2 tiling array extraction1_array1 
GSM571471 L3 25dC 25hrs post-L1 N2 tiling array extraction2_array1 
GSM571472 L3 25dC 25hrs post-L1 N2 tiling array extraction3_array1 
modencode_475 GSE23264 
GSM571473 young adult 25dC 42hrs post-L1 N2 tiling array extraction1_array1 
GSM571474 young adult 25dC 42hrs post-L1 N2 tiling array extraction2_array1 
GSM571475 young adult 25dC 42hrs post-L1 N2 tiling array extraction3_array1 
modencode_476 GSE23265 
GSM571476 early embryo 20dC 0-4hrs post-fertilization N2 tiling array extraction1_array1 
GSM571477 early embryo 20dC 0-4hrs post-fertilization N2 tiling array extraction2_array1 
GSM571478 early embryo 20dC 0-4hrs post-fertilization N2 tiling array extraction3_array1 
modencode_477 GSE23266 
GSM571479 L2 polyA enriched 20dC 14hrs post-L1 N2 tiling array extraction1_array1 
GSM571480 L2 polyA enriched 20dC 14hrs post-L1 N2 tiling array extraction2_array1 
modencode_478 GSE23267 
GSM571481 male L4 25dC 36hrs post-L1 CB4689 tiling array extraction1_array1 
GSM571482 male L4 25dC 36hrs post-L1 CB4689 tiling array extraction2_array1 
GSM571483 male L4 25dC 36hrs post-L1 CB4689 tiling array extraction3_array1 
modencode_479 GSE23268 
GSM571484 late embryo 20dC 6-12hrs post-fertilization N2 tiling array extraction1_array1 
GSM571485 late embryo 20dC 6-12hrs post-fertilization N2 tiling array extraction2_array1 
GSM571486 late embryo 20dC 6-12hrs post-fertilization N2 tiling array extraction3_array1 
modencode_481 GSE23269 
GSM571487 gonad from young adult 20dC 42hrs post-L1 N2 tiling array extraction1_array1 
GSM571488 gonad from young adult 20dC 42hrs post-L1 N2 tiling array extraction2_array1 
GSM571489 gonad from young adult 20dC 42hrs post-L1 N2 tiling array extraction3_array1 
modencode_484 GSE23270 
GSM571490 L1 20dC 0hrs post-L1 N2 tiling array extraction1_array1 
GSM571491 L1 20dC 0hrs post-L1 N2 tiling array extraction2_array1 
GSM571492 L1 20dC 0hrs post-L1 N2 tiling array extraction3_array1 
modencode_485 GSE23271 
GSM571493 soma-only mid-L4 25dC 36hrs post-L1 JK1107 tiling array extraction1_array1 
GSM571494 soma-only mid-L4 25dC 36hrs post-L1 JK1107 tiling array extraction2_array1 
GSM571495 soma-only mid-L4 25dC 36hrs post-L1 JK1107 tiling array extraction3_array1 
modencode_486 GSE23272 
GSM571496 pathogen Pluminscens 25dC 24hr exposure post-adulthood N2 tiling array extraction1_array1 
GSM571497 pathogen Pluminscens 25dC 24hr exposure post-adulthood N2 tiling array extraction2_array1 
GSM571498 pathogen Pluminscens 25dC 24hr exposure post-adulthood N2 tiling array extraction3_array1 
modencode_487 GSE23273 
GSM571499 pathogen Efaecalis 25dC 24hr exposure post-adulthood N2 tiling array extraction1_array1 
GSM571500 pathogen Efaecalis 25dC 24hr exposure post-adulthood N2 tiling array extraction2_array1 
modencode_488 GSE23274 
GSM571501 pathogen Smarcescens 25dC 48hr exposure post-adulthood N2 tiling array extraction1_array1 
GSM571502 pathogen Smarcescens 25dC 48hr exposure post-adulthood N2 tiling array extraction2_array1 
GSM571503 pathogen Smarcescens 25dC 48hr exposure post-adulthood N2 tiling array extraction3_array1 
modencode_489 GSE23275 
GSM571504 pathogen Smarcescens 25dC 24hr exposure post-adulthood N2 tiling array extraction1_array1 
GSM571505 pathogen Smarcescens 25dC 24hr exposure post-adulthood N2 tiling array extraction2_array1 
GSM571506 pathogen Smarcescens 25dC 24hr exposure post-adulthood N2 tiling array extraction3_array1 
modencode_490 GSE23276 
GSM571507 pathogen control OP50 25dC 48hr exposure post-adulthood N2 tiling array extraction1_array1 
GSM571508 pathogen control OP50 25dC 48hr exposure post-adulthood N2 tiling array extraction2_array1 
GSM571509 pathogen control OP50 25dC 48hr exposure post-adulthood N2 tiling array extraction3_array1 
modencode_491 GSE23277 
GSM571510 pathogen control OP50 25dC 24hr exposure post-adulthood N2 tiling array extraction1_array1 
GSM571511 pathogen control OP50 25dC 24hr exposure post-adulthood N2 tiling array extraction2_array1 
GSM571512 pathogen control OP50 25dC 24hr exposure post-adulthood N2 tiling array extraction3_array1 
modencode_654 GSE23278 
GSM571513 embryo A-class motor neurons tiling array extraction1_array1 
GSM571514 embryo A-class motor neurons tiling array extraction2_array1 
GSM571515 embryo A-class motor neurons tiling array extraction3_array1 
modencode_655 GSE23279 
GSM571516 L3-L4 dopaminergic neuron tiling array extraction1_array1 
GSM571517 L3-L4 dopaminergic neuron tiling array extraction2_array1 
GSM571518 L3-L4 dopaminergic neuron tiling array extraction3_array1 
modencode_656 GSE23280 
GSM571519 Young Adult reference (mockIP) tiling array extraction1_array1 
GSM571520 Young Adult reference (mockIP) tiling array extraction2_array1 
GSM571521 Young Adult reference (mockIP) tiling array extraction3_array1 
modencode_657 GSE23281 
GSM571522 L2 coelomocytes tiling array extraction1_array1 
GSM571523 L2 coelomocytes tiling array extraction2_array1 
GSM571524 L2 coelomocytes tiling array extraction3_array1 
modencode_658 GSE23282 
GSM571525 L2 glutamate receptor expressing neurons tiling array extraction1_array1 
GSM571526 L2 glutamate receptor expressing neurons tiling array extraction2_array1 
GSM571527 L2 glutamate receptor expressing neurons tiling array extraction3_array1 
modencode_659 GSE23283 
GSM571528 L3-L4 reference (mockIP) tiling array extraction1_array1 
GSM571529 L3-L4 reference (mockIP) tiling array extraction2_array1 
GSM571530 L3-L4 reference (mockIP) tiling array extraction3_array1 
modencode_660 GSE23284 
GSM571531 Young Adult Cephalic sheath (CEPsh) tiling array extraction1_array1 
GSM571532 Young Adult Cephalic sheath (CEPsh) tiling array extraction2_array1 
GSM571533 Young Adult Cephalic sheath (CEPsh) tiling array extraction3_array1 
modencode_661 GSE23285 
GSM571534 embryo germline precursor cells tiling array extraction1_array1 
GSM571535 embryo germline precursor cells tiling array extraction2_array1 
GSM571536 embryo germline precursor cells tiling array extraction3_array1 
modencode_662 GSE23286 
GSM571537 embryo hypodermal cells tiling array extraction1_array1 
GSM571538 embryo hypodermal cells tiling array extraction2_array1 
GSM571539 embryo hypodermal cells tiling array extraction3_array1 
modencode_2454 GSE23287 
GSM571540 L3-L4 hypodermal cells tiling array extraction1_array1 
GSM571541 L3-L4 hypodermal cells tiling array extraction2_array1 
GSM571542 L3-L4 hypodermal cells tiling array extraction3_array1 
Lieb POL-2_CTD_Mixed_Embryos_(ABAB5408_4H8_N2_MXEMB) modencode_174 GSE22669 
GSM562194 ABAB5408_4H8_N2_MXEMB_1 extraction1_array1 
GSM562195 ABAB5408_4H8_N2_MXEMB_1 extraction1_array2 
GSM562196 ABAB5408_4H8_N2_MXEMB_1 extraction1_array3 
GSM562197 ABAB5408_4H8_N2_MXEMB_2 extraction2_array1 
GSM562198 ABAB5408_4H8_N2_MXEMB_2 extraction2_array2 
GSM562199 ABAB5408_4H8_N2_MXEMB_2 extraction2_array3 
Lieb Histone_H3K36me3_from_N2_L3_larvae_(AB9050_H3K36ME3_N2_L3) modencode_175 GSE22670 
GSM562200 AB9050_H3K36ME3_N2_L3 Hyb1 extraction1_array1 
GSM562201 AB9050_H3K36ME3_N2_L3 Hyb2 extraction2_array1 
GSM562202 AB9050_H3K36ME3_N2_L3 Hyb3 extraction3_array1 
Lieb Histone_H3K4me3_from_N2_L3_larvae_(AR0169_H3K4me3_N2_L3) modencode_176 GSE22697 
GSM562582 AR0169_H3K4ME3_N2_L3 Hyb1 extraction1_array1 
GSM562583 AR0169_H3K4ME3_N2_L3 Hyb2 extraction2_array1 
GSM562584 AR0169_H3K4ME3_N2_L3 Hyb3 extraction3_array1 
Lieb Negative_control_antibody_from_N2_L3_larvae_(JA00002_IGG_N2_L3) modencode_179 GSE22698 
GSM562585 JA00002_IGG_N2_L3 Hyb1 extraction1_array1 
GSM562586 JA00002_IGG_N2_L3 Hyb2 extraction2_array1 
GSM562587 JA00002_IGG_N2_L3 Hyb3 extraction3_array1 
Lieb Histone_H3K9me3_from_N2_L3_larvae_(UP07442_H3K9ME3_N2_L3) modencode_188 GSE22699 
GSM562588 UP07442_H3K9ME3_N2_L3 Hyb1 extraction1_array1 
GSM562589 UP07442_H3K9ME3_N2_L3 Hyb2 extraction2_array1 
GSM562590 UP07442_H3K9ME3_N2_L3 Hyb3 extraction3_array1 
Lieb NA_MES4FLAG_EEMB modencode_202 GSE22700 
GSM562591 NA_MES4FLAG_EEMB_1 extraction1_array1 
GSM562592 NA_MES4FLAG_EEMB_1 extraction1_array2 
GSM562593 NA_MES4FLAG_EEMB_1 extraction1_array3 
GSM562594 NA_MES4FLAG_EEMB_2 extraction2_array1 
GSM562595 NA_MES4FLAG_EEMB_2 extraction2_array2 
GSM562596 NA_MES4FLAG_EEMB_2 extraction2_array3 
Lieb Histone_H3K4me3_N2_EEMB_(WA30534819_H3K4ME3_N2_EEMB) modencode_2311 GSE22721 
GSM562717 WA30534819_H3K4ME3_N2_EEMB_1 extraction1_array1 
GSM562718 WA30534819_H3K4ME3_N2_EEMB_2 extraction2_array1 
Lieb Histone_H3_N2_EEMB_1_(AR0144_H3144_N2_EEMB) modencode_2312 GSE22722 
GSM562719 AR0144_H3144_N2_EEMB_1 extraction1_array1 
GSM562720 AR0144_H3144_N2_EEMB_2 extraction2_array1 
GSM562721 AR0144_H3144_N2_EEMB_3 extraction3_array1 
Lieb Histone_H3_N2_EEMB_2_(AB1791_H3609253_N2_EEMB) modencode_2313 GSE22723 
GSM562722 AB1791_H3609253_N2_EEMB_1 extraction1_array1 
GSM562723 AB1791_H3609253_N2_EEMB_2 extraction2_array1 
Lieb Histone_H3K36me2_N2_EEMB_(AB9049_H3K36ME2608457_N2_EEMB) modencode_2338 GSE22724 
GSM562724 AB9049_H3K36ME2608457_N2_EEMB_1 extraction1_array1 
Lieb Histone_H3K9me3_N2_EEMB_2_(AB8898_H3K9ME3339901_N2_EEMB) modencode_2339 GSE22725 
GSM562725 AB8898_H3K9ME3339901_N2_EEMB_1 extraction1_array1 
Lieb Negative_control_No_Antibody_N2_EEMB_(NA_N2_EEMB) modencode_2364 GSE22726 
GSM562726 NA_N2_EEMB_1 extraction1_array1 
GSM562727 NA_N2_EEMB_2 extraction2_array1 
Lieb Negative_control_Antibody_N2_EEMB_(SS00050_IGG_N2_EEMB) modencode_2382 GSE22727 
GSM562728 SS00050_IGG_N2_EEMB_1 extraction1_array1 
GSM562729 SS00050_IGG_N2_EEMB_2 extraction2_array1 
Lieb Histone_H3K9me3_N2_L3_(HK00009_H3K9ME32F3_N2_L3) modencode_2398 GSE22728 
GSM562730 HK00009_H3K9ME32F3_N2_L3 Hyb1 extraction1_array1 
GSM562731 HK00009_H3K9ME32F3_N2_L3 Hyb2 extraction2_array1 
Lieb Histone_H3K36me2_N2_L3_(HK00012_H3K36ME22C3_N2_L3) modencode_2399 GSE22729 
GSM562732 HK00012_H3K36ME22C3_N2_L3 Hyb1 extraction1_array1 
GSM562733 HK00012_H3K36ME22C3_N2_L3 Hyb2 extraction2_array1 
Lieb Histone_H3K27me3_N2_L3_(HK00013_H3K27ME31E7_N2_L3) modencode_2400 GSE22730 
GSM562734 HK00013_H3K27ME31E7_N2_L3 Hyb1 extraction1_array1 
GSM562735 HK00013_H3K27ME31E7_N2_L3 Hyb2 extraction2_array1 
Lieb Histone_H3K36me3_N2_L3_(HK00001_H3K36ME313C9_N2_L3) modencode_2401 GSE22731 
GSM562736 HK00001_H3K36ME313C9_N2_L3 Hyb1 extraction1_array1 
GSM562737 HK00001_H3K36ME313C9_N2_L3 Hyb2 extraction2_array1 
Lieb Histone_H3K4me2_N2_L3_(WA30834809_H3K4ME2_N2_L3) modencode_2402 GSE22732 
GSM562738 WA30834809_H3K4ME2_N2_L3 Hyb1 extraction1_array1 
GSM562739 WA30834809_H3K4ME2_N2_L3 Hyb2 extraction2_array1 
Lieb Histone_H3K9me2_N2_L3_(HK00008_H3K9ME26D11_N2_L3) modencode_2406 GSE22733 
GSM562740 HK00008_H3K9ME26D11_N2_L3 Hyb1 extraction1_array1 
GSM562741 HK00008_H3K9ME26D11_N2_L3 Hyb2 extraction2_array1 
Lieb Histone_H3_N2_L3_2_(AR0144_H3144_N2_L3) modencode_2407 GSE22734 
GSM562742 AR0144_H3144_N2_L3 Hyb1 extraction1_array1 
GSM562743 AR0144_H3144_N2_L3 Hyb2 extraction2_array1 
Lieb Histone_H3_N2_L3_1_(AR0144_H3144_N2_L3_LM) modencode_2408 GSE22735 
GSM562744 AR0144_H3144_N2_L3_LM Hyb1 extraction1_array1 
GSM562745 AR0144_H3144_N2_L3_LM Hyb2 extraction2_array1 
GSM562746 AR0144_H3144_N2_L3_LM Hyb3 extraction3_array1 
Lieb Histone_H3_N2_L3_(AB1791_H3_N2_L3_new) modencode_2409 GSE22736 
GSM562747 AB1791_H3_N2_L3 Hyb1 extraction1_array1 
GSM562748 AB1791_H3_N2_L3 Hyb2 extraction2_array1 
Lieb Histone_H3K79me1_N2_EEMB_(AB2886_H3K79ME1361912_N2_EEMB) modencode_2410 GSE22737 
GSM562749 AB2886_H3K79ME1361912_N2_EEMB_1 extraction1_array1 
GSM562750 AB2886_H3K79ME1361912_N2_EEMB_2 extraction2_array1 
Lieb Histone_H3K79me2_N2_EEMB_(AB3594_H3K79ME2346021_N2_EEMB) modencode_2442 GSE22738 
GSM562751 AB3594_H3K79ME2346021_N2_EEMB_1 extraction1_array1 
GSM562752 AB3594_H3K79ME2346021_N2_EEMB_2 extraction2_array1 
Lieb Histone_H3K79me3_N2_EEMB_(AB2621_H3K79ME3361576_N2_EEMB) modencode_2443 GSE22739 
GSM562753 AB2621_H3K79ME3361576_N2_EEMB_1 extraction1_array1 
GSM562754 AB2621_H3K79ME3361576_N2_EEMB_2 extraction2_array1 
Lieb Histone_H3K9me2_N2_EEMB_(HK00008_H3K9ME26D11_N2_EEMB) modencode_2444 GSE22740 
GSM562755 HK00008_H3K9ME26D11_N2_EEMB_1 extraction1_array1 
GSM562756 HK00008_H3K9ME26D11_N2_EEMB_2 extraction2_array1 
Lieb Histone_H3K4me2_N2_EEMB_(WA30834809_H3K4ME2_N2_EEMB) modencode_2445 GSE22741 
GSM562757 WA30834809_H3K4ME2_N2_EEMB_1 extraction1_array1 
GSM562758 WA30834809_H3K4ME2_N2_EEMB_2 extraction2_array1 
Lieb HCP-3_CENP-A_N2_MXEMB_(OD00079_HCP3_N2_MXEMB) modencode_2446 GSE22742 
GSM562759 OD00079_HCP3_N2_MXEMB_1 extraction1_array1 
GSM562760 OD00079_HCP3_N2_MXEMB_2 extraction2_array2 
GSM562761 OD00079_HCP3_N2_MXEMB_2 extraction2_array3 
GSM562762 OD00079_HCP3_N2_MXEMB_2 extraction2_array4 
GSM562763 OD00079_HCP3_N2_MXEMB_3 extraction3_array2 
GSM562764 OD00079_HCP3_N2_MXEMB_3 extraction3_array3 
GSM562765 OD00079_HCP3_N2_MXEMB_3 extraction3_array4 
GSM562766 OD00079_HCP3_N2_MXEMB_4 extraction4_array2 
GSM562767 OD00079_HCP3_N2_MXEMB_4 extraction4_array3 
GSM562768 OD00079_HCP3_N2_MXEMB_4 extraction4_array4 
Lieb HCP-3_CENP-A_N2_EEMB_(OD00079_HCP3_N2_EEMB) modencode_2541 GSE22743 
GSM562769 OD00079_HCP3_N2_EEMB_1 extraction1_array1 
GSM562770 OD00079_HCP3_N2_EEMB_2 extraction2_array1 
GSM562771 OD00079_HCP3_N2_EEMB_3 extraction3_array1 
Lieb AB9048_H3K36ME1206009_N2_EEMB modencode_2604 GSE22744 
GSM562772 AB9048_H3K36ME1206009_N2_EEMB_1 extraction1_array1 
GSM562773 AB9048_H3K36ME1206009_N2_EEMB_2 extraction2_array1 
Lieb MP07030_H3K4ME2DAM1570816_N2_EEMB modencode_2645 GSE22745 
GSM562774 MP07030_H3K4ME2DAM1570816_N2_EEMB_1 extraction1_array1 
Lieb AB9045_H3K9ME1291918_N2_EEMB modencode_2646 GSE22746 
GSM562775 AB9045_H3K9ME1291918_N2_EEMB_1 extraction1_array1 
GSM562776 AB9045_H3K9ME1291918_N2_EEMB_2 extraction2_array1 
Lieb AB8895_H3K4ME1733246_N2_EEMB modencode_2726 GSE22747 
GSM562777 AB8895_H3K4ME1733246_N2_EEMB_1 extraction1_array1 
GSM562778 AB8895_H3K4ME1733246_N2_EEMB_2 extraction2_array1 
Lieb WA30634849_H3K27AC_N2_EEMB modencode_2727 GSE22748 
GSM562779 WA30634849_H3K27AC_N2_EEMB_1 extraction1_array1 
GSM562780 WA30634849_H3K27AC_N2_EEMB_2 extraction2_array1 
Lieb AB4441_H3K9AC_N2_EEMB modencode_2728 GSE22749 
GSM562781 AB4441_H3K9AC_N2_EEMB_1 extraction1_array1 
GSM562782 AB4441_H3K9AC_N2_EEMB_2 extraction2_array1 
Lieb SDQ3891_LEM2_N2_MXEMB modencode_2729 GSE22750 
GSM562783 SDQ3891_LEM2_N2_MXEMB_1 extraction1_array1 
GSM562784 SDQ3891_LEM2_N2_MXEMB_2 extraction2_array1 
GSM562785 SDQ3891_LEM2_N2_MXEMB_3 extraction3_array1 
GSM562786 SDQ4051_LEM2_N2_MXEMB_1 extraction4_array1 
Lieb SDQ3897_NPP13_N2_MXEMB modencode_2738 GSE22751 
GSM562787 SDQ3897_NPP13_N2_MXEMB_1 extraction1_array1 
GSM562788 SDQ3897_NPP13_N2_MXEMB_2 extraction2_array1 
GSM562789 SDQ4094_NPP13_N2_MXEMB_3 extraction3_array1 
Lieb AB8896_H3K9ME1104560_N2_EEMB modencode_2739 GSE22752 
GSM562790 AB8896_H3K9ME1104560_N2_EEMB_1 extraction1_array1 
Lieb AB4729_H3K27AC361571_N2_EEMB modencode_2740 GSE22753 
GSM562791 AB4729_H3K27AC361571_N2_EEMB_1 extraction1_array1 
Lieb AB9051_H4K20ME1104513_N2_EEMB modencode_2765 GSE22754 
GSM562792 AB9051_H4K20ME1104513_N2_EEMB_1 extraction1_array1 
GSM562793 AB9051_H4K20ME1104513_N2_EEMB_2 extraction2_array1 
Lieb LPAR109_H4TETRAAC109_N2_EEMB modencode_2766 GSE22755 
GSM562794 LPAR109_H4TETRAAC109_N2_EEMB_1 extraction1_array1 
GSM562795 LPAR109_H4TETRAAC109_N2_EEMB_2 extraction2_array1 
Lieb SDQ3582_CBP1_N2_MXEMB modencode_2767 GSE22756 
GSM562796 SDQ3582_CBP1_N2_MXEMB_1 extraction1_array1 
GSM562797 SDQ3582_CBP1_N2_MXEMB_2 extraction2_array1 
GSM562798 SDQ3582_CBP1_N2_MXEMB_3 extraction3_array1 
GSM562799 SDQ3575_CBP1_N2_MXEMB_1 extraction4_array1 
Lieb SDC-2_N2_Mixed_Embryos_(JL00005_SDC2_N2_MXEMB) modencode_338 GSE22701 
GSM562597 JL00005_SDC2_N2_MXemb_1 extraction1_array1 
GSM562598 JL00005_SDC2_N2_MXemb_2 extraction2_array1 
GSM562599 JL00005_SDC2_N2_MXemb_3 extraction3_array1 
Lieb SDC-3_N2_MXEMB_1A_(JL00002_SDC3_N2_MXEMB_1_A) modencode_553 GSE22702 
GSM562600 JL00002_SDC3_N2_MXEMB_1_A extraction1_array1 
Lieb SDC-3_N2_MXEMB_1B_(JL00002_SDC3_N2_MXEMB_1_B) modencode_575 GSE22703 
GSM562601 JL00002_SDC3_N2_MXEMB_1_B extraction1_array1 
Lieb DPY-27_N2_MXEMB_1A_(JL00001_DPY27_N2_MXEMB_1_A) modencode_578 GSE22704 
GSM562602 JL00001_DPY27_N2_MXEMB_1_A extraction1_array1 
Lieb POL-2_N2_L4_(CVMMS126R_8WG16_N2_L4) modencode_599 GSE22705 
GSM562603 CVMMS126R_8WG16_N2_L4_1 extraction1_array1 
GSM562604 CVMMS126R_8WG16_N2_L4_1 extraction1_array2 
GSM562605 CVMMS126R_8WG16_N2_L4_1 extraction1_array3 
GSM562606 CVMMS126R_8WG16_N2_L4_2A extraction2_array4 
GSM562607 CVMMS126R_8WG16_N2_L4_2B extraction3_array4 
Lieb DPY-27_N2_L4(JL00001_DPY27_N2_L4) modencode_630 GSE22706 
GSM562608 JL00001_DPY27_N2_L4_1 extraction1_array1 
GSM562609 JL00001_DPY27_N2_L4_2A extraction2_array1 
GSM562610 JL00001_DPY27_N2_L4_2B extraction3_array1 
GSM562611 JL00001_DPY27_N2_L4_3 extraction4_array1 
Lieb DPY-28_N2_MXEMB_(JL00012_DPY28_N2_MXEMB) modencode_644 GSE22708 
GSM562684 JL00012_DPY28_N2_MXemb_1 extraction1_array1 
GSM562685 JL00012_DPY28_N2_MXemb_2 extraction2_array2 
Lieb SDC-2_N2_MXEMB_(SDQ3146_SDC2_N2_MXEMB) modencode_645 GSE22709 
GSM562686 SDQ3146_SDC2_N2_MXemb_1 extraction1_array1 
GSM562687 SDQ3146_SDC2_N2_MXemb_2 extraction2_array1 
GSM562688 SDQ3148_SDC2_N2_MXemb_1 extraction3_array1 
Lieb Pol_II_CTD_N2_EEMB_(ABAB817_8WG16_N2_EEMB) modencode_663 GSE22710 
GSM562689 ABAB817_8WG16_N2_EEMB_1 extraction1_array1 
GSM562690 ABAB817_8WG16_N2_EEMB_2 extraction2_array2 
GSM562691 ABAB817_8WG16_N2_EEMB_3_OID18184 extraction3_array3 
Lieb Histone_H3K9me3_N2_EEMB_1_(UP07442_H3K9ME3_N2_EEMB) modencode_691 GSE22711 
GSM562692 UP07442_H3K9ME3_N2_EEMB_1 extraction1_array1 
GSM562693 UP07442_H3K9ME3_N2_EEMB_2_OID18184 extraction2_array2 
GSM562694 UP07442_H3K9ME3_N2_EEMB_3_OID18184 extraction3_array2 
Lieb DPY27_11DH(I;X)_MXEMB(JL00001_DPY27_11DH_MXEMB) modencode_693 GSE22712 
GSM562695 JL00001_DPY27_11DH_MXEMB_1 extraction1_array1 
GSM562696 JL00001_DPY27_11DH_MXEMB_2 extraction2_array1 
Lieb DPY27_YPT41(II;X)_MXEMB(JL00001_DPY27_YPT41_MXEMB) modencode_695 GSE22713 
GSM562697 JL00001_DPY27_YPT41_MXEMB_1 extraction1_array1 
GSM562698 JL00001_DPY27_YPT41_MXEMB_2 extraction2_array1 
Lieb DPY27_YPT47(V;X)_MXEMB(JL00001_DPY27_YPT47_MXEMB) modencode_696 GSE22714 
GSM562699 JL00001_DPY27_YPT47_MXemb_1 extraction1_array1 
GSM562700 JL00001_DPY27_YPT47_MXemb_2 extraction2_array1 
GSM562701 JL00001_DPY27_YPT47_MXemb_3 extraction3_array1 
Lieb SDC3_YPT47(V;X)_MXEMB(JL00002_SDC3_YPT47_MXEMB) modencode_701 GSE22715 
GSM562702 JL00002_SDC3_YPT47_MXemb_1 extraction1_array1 
GSM562703 JL00002_SDC3_YPT47_MXemb_2 extraction2_array1 
Lieb MRG-1_N2_EEMB_(SDQ0790_MRG1_N2_EEMB) modencode_897 GSE22716 
GSM562704 SDQ0790_MRG1_N2_EEMB_1 extraction1_array1 
GSM562705 SDQ0790_MRG1_N2_EEMB_2 extraction2_array2 
GSM562706 SDQ0790_MRG1_N2_EEMB_3 extraction3_array3 
Lieb Histone_H3K36me2_N2_EEMB_(HK00012_H3K36ME22C3_N2_EEMB) modencode_909 GSE22717 
GSM562707 HK00012_H3K36ME22C3_N2_EEMB_1 extraction1_array1 
GSM562708 HK00012_H3K36ME22C3_N2_EEMB_2 extraction2_array1 
Lieb MES-4_N2_EEMB_(SDQ0791_MES4_N2_EEMB) modencode_911 GSE22718 
GSM562709 SDQ0791_MES4_N2_EEMB_1 extraction1_array1 
GSM562710 SDQ0791_MES4_N2_EEMB_2 extraction2_array2 
GSM562711 SDQ0791_MES4_N2_EEMB_3 extraction3_array3 
Lieb Histone_H3K36me3_N2_EEMB_(HK00001_H3K36ME313C9_N2_EEMB) modencode_973 GSE22719 
GSM562712 HK00001_H3K36ME313C9_N2_EEMB_1 extraction1_array1 
GSM562713 HK00001_H3K36ME313C9_N2_EEMB_3 extraction2_array1 
GSM562714 HK00001_H3K36ME313C9_N2_EEMB_4 extraction3_array1 
Lieb Histone_H3K9me3_N2_EEMB_2_(HK00009_H3K9ME32F3_N2_EEMB) modencode_982 GSE22720 
GSM562715 HK00009_H3K9ME32F3_N2_EEMB_1 extraction1_array1 
GSM562716 HK00009_H3K9ME32F3_N2_EEMB_2 extraction2_array1 
