initializing...
output file is /home/zzha/reporter_seq/tmp/cloud/3251_tag.csv
connecting to database ...schema is modencode_experiment_3251_data,public
database connected.
loading experiment ...done.
try to find num_of_rows ...16 done
try to find num_of_cols ...7 done
try to find title ...24 Hour RNA PolII ChIP-Seq experiment done
try to find description ...We will precisely identify sequence elements that direct DNA replication by using chromatin immunoprecipitation of known replication initiation complexes.  These experiments will be conducted in multiple cell types and developmental tissues. done
try to find organism ...Drosophila melanogaster done
try to find project ...David MacAlpine done
try to find lab ...MacAlpine done
try to find factors ... devstage : DevStage:Mixed Embryos 0-24h:SC:1 read_length : 36 base pair done
try to find data_type ...Replication Factors done
try to find assay_type ...ChIP-seq done
try to find hyb_slot ...NA done
try to find seq_slot ...4 done
try to find ip_slot ...2 done
try to find label_slot ...NA done
try to find raw_slot ...4 done
try to find norm_slot ...6 done
try to find platform ...Illumina done
try to find sample_name_slot ...0 done
try to find source_name_slot ...0 done
try to find extract_name_slot ...NA done
try to find hybridization_name_slot ...NA done
try to find replicate_group_slot ...0 done
try to find last_extraction_slot ...3 done
try to find groups ...group by sample name.
$VAR1 = undef;
NA done
try to find strain ...NA done
try to find cellline ...NA done
try to find devstage ...Mixed Embryos 0-24h done
try to find tissue ...NA done
try to find sex ...NA done
try to find antibody ...Ab:RNA_Poll_II_(Upstate_05-623):DM:1&oldid=34910 done
try to find tgt_gene ...NA done
try to find level1 ...Dmel_r5.4 done
try to find level2 ...DNA-Replication done
try to find level3 ...ChIP-seq done
level4 factor is 
level4 condition is Developmental-Stage_Mixed Embryos 0-24h;devstage_DevStage:Mixed Embryos 0-24h:SC:1;read_length_36 base pair
try to get raw data...done.
try to get intermediate data...done
try to get interpret data...done
