initializing...
output file is /home/zzha/reporter_seq/tmp/cloud/3277_tag.csv
connecting to database ...schema is modencode_experiment_3277_data,public
database connected.
loading experiment ...done.
try to find num_of_rows ...8 done
try to find num_of_cols ...8 done
try to find title ...Fat Body - CGH Differential Replication done
try to find description ...We will precisely identify sequence elements that direct DNA replication by using chromatin immunoprecipitation of known replication initiation complexes.  These experiments will be conducted in multiple cell types and developmental tissues. done
try to find organism ...Drosophila melanogaster done
try to find project ...David MacAlpine done
try to find lab ...Orr-Weaver done
try to find factors ... whole_organism : Tissue:fat_body:SC:1 done
try to find data_type ...Replication Factors done
try to find assay_type ...ChIP-seq done
try to find hyb_slot ...4 done
try to find seq_slot ...NA done
try to find ip_slot ...NA done
try to find label_slot ...3 done
try to find raw_slot ...5 done
try to find norm_slot ...6 done
try to find platform ...Agilent done
try to find sample_name_slot ...NA done
try to find source_name_slot ...1 done
try to find extract_name_slot ...NA done
try to find hybridization_name_slot ...NA done
try to find replicate_group_slot ...1 done
try to find last_extraction_slot ...2 done
try to find groups ...group by sample name.
$VAR1 = undef;
NA done
try to find strain ...Oregon-R done
try to find cellline ...NA done
try to find devstage ...L3 stage wandering larvae done
try to find tissue ...fat body done
try to find sex ...NA done
try to find antibody ...NA done
try to find tgt_gene ...NA done
try to find level1 ...Dmel_r5.4 done
try to find level2 ...DNA-Replication done
try to find level3 ...ChIP-seq done
level4 factor is 
level4 condition is Strain_Oregon-R;Tissue_fat body;Developmental-Stage_L3 stage wandering larvae;whole_organism_Tissue:fat_body:SC:1
try to get raw data...done.
try to get intermediate data...done
try to get interpret data...done
